  [1m[35m (26.2ms)[0m  [1m[35mCREATE TABLE `schema_migrations` (`version` varchar(255) PRIMARY KEY) ENGINE=InnoDB[0m
  [1m[35m (38.0ms)[0m  [1m[35mCREATE TABLE `ar_internal_metadata` (`key` varchar(255) PRIMARY KEY, `value` varchar(255), `created_at` datetime NOT NULL, `updated_at` datetime NOT NULL) ENGINE=InnoDB[0m
  [1m[35m (0.3ms)[0m  [1m[34mSELECT DATABASE() as db[0m
  [1m[35m (31.0ms)[0m  [1m[34mSELECT GET_LOCK('2386443239982076905', 0);[0m
  [1m[36mActiveRecord::SchemaMigration Load (0.5ms)[0m  [1m[34mSELECT `schema_migrations`.* FROM `schema_migrations`[0m
Migrating to CreatePosts (20160730041918)
  [1m[35m (40.6ms)[0m  [1m[35mCREATE TABLE `posts` (`id` int AUTO_INCREMENT PRIMARY KEY, `title` varchar(255), `content` varchar(255), `created_at` datetime NOT NULL, `updated_at` datetime NOT NULL) ENGINE=InnoDB[0m
  [1m[35m (0.2ms)[0m  [1m[35mBEGIN[0m
  [1m[35mSQL (0.3ms)[0m  [1m[32mINSERT INTO `schema_migrations` (`version`) VALUES ('20160730041918')[0m
  [1m[35m (6.3ms)[0m  [1m[35mCOMMIT[0m
  [1m[36mActiveRecord::InternalMetadata Load (0.3ms)[0m  [1m[34mSELECT  `ar_internal_metadata`.* FROM `ar_internal_metadata` WHERE `ar_internal_metadata`.`key` = 'environment' LIMIT 1[0m
  [1m[35m (0.4ms)[0m  [1m[35mBEGIN[0m
  [1m[35mSQL (0.4ms)[0m  [1m[32mINSERT INTO `ar_internal_metadata` (`key`, `value`, `created_at`, `updated_at`) VALUES ('environment', 'development', '2018-09-07 06:27:33', '2018-09-07 06:27:33')[0m
  [1m[35m (2.5ms)[0m  [1m[35mCOMMIT[0m
  [1m[35m (0.4ms)[0m  [1m[34mSELECT RELEASE_LOCK('2386443239982076905')[0m
  [1m[36mActiveRecord::SchemaMigration Load (0.2ms)[0m  [1m[34mSELECT `schema_migrations`.* FROM `schema_migrations`[0m
  [1m[35m (0.2ms)[0m  [1m[35mSHOW CREATE TABLE `posts`[0m
  [1m[35m (0.3ms)[0m  [1m[35mSHOW TABLE STATUS LIKE 'posts'[0m
Started GET "/" for 127.0.0.1 at 2018-09-07 13:27:54 +0700
  [1m[36mActiveRecord::SchemaMigration Load (0.5ms)[0m  [1m[34mSELECT `schema_migrations`.* FROM `schema_migrations`[0m
Processing by PostsController#index as HTML
  Rendering posts/index.html.erb within layouts/application
  [1m[36mPost Load (0.6ms)[0m  [1m[34mSELECT `posts`.* FROM `posts`[0m
  Rendered posts/index.html.erb within layouts/application (7.3ms)
Completed 200 OK in 1778ms (Views: 1765.7ms | ActiveRecord: 1.3ms)


Started GET "/posts/new" for 127.0.0.1 at 2018-09-07 13:27:59 +0700
Processing by PostsController#new as HTML
  Rendering posts/new.html.erb within layouts/application
  Rendered posts/_form.html.erb (23.4ms)
  Rendered posts/new.html.erb within layouts/application (29.9ms)
Completed 200 OK in 63ms (Views: 49.5ms | ActiveRecord: 0.8ms)


Started POST "/posts" for 127.0.0.1 at 2018-09-07 13:28:08 +0700
Processing by PostsController#create as HTML
  Parameters: {"utf8"=>"✓", "authenticity_token"=>"NHKQjtyyA4aqB8leQGlJyFN7aebgo3yQIPPt3N/L+f6O2kvGgxZpUSgprJUvcqAaxhoKPs/93qdU4zTguC6X1g==", "post"=>{"title"=>"duy test", "content"=>"abc123"}, "commit"=>"Create Post"}
  [1m[35m (0.3ms)[0m  [1m[35mBEGIN[0m
  [1m[35mSQL (0.3ms)[0m  [1m[32mINSERT INTO `posts` (`title`, `content`, `created_at`, `updated_at`) VALUES ('duy test', 'abc123', '2018-09-07 06:28:08', '2018-09-07 06:28:08')[0m
  [1m[35m (3.0ms)[0m  [1m[35mCOMMIT[0m
Redirected to http://localhost:3000/posts/1
Completed 302 Found in 11ms (ActiveRecord: 3.6ms)


Started GET "/posts/1" for 127.0.0.1 at 2018-09-07 13:28:08 +0700
Processing by PostsController#show as HTML
  Parameters: {"id"=>"1"}
  [1m[36mPost Load (0.9ms)[0m  [1m[34mSELECT  `posts`.* FROM `posts` WHERE `posts`.`id` = 1 LIMIT 1[0m
  Rendering posts/show.html.erb within layouts/application
  Rendered posts/show.html.erb within layouts/application (1.3ms)
Completed 200 OK in 42ms (Views: 16.8ms | ActiveRecord: 0.9ms)


Started GET "/posts/1/edit" for 127.0.0.1 at 2018-09-07 13:28:12 +0700
Processing by PostsController#edit as HTML
  Parameters: {"id"=>"1"}
  [1m[36mPost Load (0.5ms)[0m  [1m[34mSELECT  `posts`.* FROM `posts` WHERE `posts`.`id` = 1 LIMIT 1[0m
  Rendering posts/edit.html.erb within layouts/application
  Rendered posts/_form.html.erb (2.0ms)
  Rendered posts/edit.html.erb within layouts/application (3.2ms)
Completed 200 OK in 32ms (Views: 16.7ms | ActiveRecord: 0.5ms)


Started GET "/posts" for 127.0.0.1 at 2018-09-07 13:28:14 +0700
Processing by PostsController#index as HTML
  Rendering posts/index.html.erb within layouts/application
  [1m[36mPost Load (0.5ms)[0m  [1m[34mSELECT `posts`.* FROM `posts`[0m
  Rendered posts/index.html.erb within layouts/application (2.8ms)
Completed 200 OK in 20ms (Views: 18.6ms | ActiveRecord: 0.5ms)


Started GET "/posts/new" for 127.0.0.1 at 2018-09-07 13:28:17 +0700
Processing by PostsController#new as HTML
  Rendering posts/new.html.erb within layouts/application
  Rendered posts/_form.html.erb (2.2ms)
  Rendered posts/new.html.erb within layouts/application (3.4ms)
Completed 200 OK in 18ms (Views: 16.3ms | ActiveRecord: 0.0ms)


Started POST "/posts" for 127.0.0.1 at 2018-09-07 13:28:27 +0700
Processing by PostsController#create as HTML
  Parameters: {"utf8"=>"✓", "authenticity_token"=>"EEnbO3QUwoTq7cfDjRq0xi5nQLK/r5zyzbms7wUruuaq4QBzK7CoU2jDogjiAV0UuwYjapDxPsW5qXXTYs7Uzg==", "post"=>{"title"=>"test1", "content"=>"test2345"}, "commit"=>"Create Post"}
  [1m[35m (0.2ms)[0m  [1m[35mBEGIN[0m
  [1m[35mSQL (4.7ms)[0m  [1m[32mINSERT INTO `posts` (`title`, `content`, `created_at`, `updated_at`) VALUES ('test1', 'test2345', '2018-09-07 06:28:27', '2018-09-07 06:28:27')[0m
  [1m[35m (2.5ms)[0m  [1m[35mCOMMIT[0m
Redirected to http://localhost:3000/posts/2
Completed 302 Found in 13ms (ActiveRecord: 7.4ms)


Started GET "/posts/2" for 127.0.0.1 at 2018-09-07 13:28:27 +0700
Processing by PostsController#show as HTML
  Parameters: {"id"=>"2"}
  [1m[36mPost Load (0.3ms)[0m  [1m[34mSELECT  `posts`.* FROM `posts` WHERE `posts`.`id` = 2 LIMIT 1[0m
  Rendering posts/show.html.erb within layouts/application
  Rendered posts/show.html.erb within layouts/application (0.8ms)
Completed 200 OK in 15ms (Views: 13.0ms | ActiveRecord: 0.3ms)


Started GET "/posts" for 127.0.0.1 at 2018-09-07 13:28:29 +0700
Processing by PostsController#index as HTML
  Rendering posts/index.html.erb within layouts/application
  [1m[36mPost Load (0.5ms)[0m  [1m[34mSELECT `posts`.* FROM `posts`[0m
  Rendered posts/index.html.erb within layouts/application (2.8ms)
Completed 200 OK in 34ms (Views: 32.0ms | ActiveRecord: 0.5ms)


  [1m[35m (0.3ms)[0m  [1m[35mSET NAMES utf8,  @@SESSION.sql_mode = CONCAT(CONCAT(@@sql_mode, ',STRICT_ALL_TABLES'), ',NO_AUTO_VALUE_ON_ZERO'),  @@SESSION.sql_auto_is_null = 0, @@SESSION.wait_timeout = 2147483[0m
  [1m[35m (0.5ms)[0m  [1m[35mSET NAMES utf8,  @@SESSION.sql_mode = CONCAT(CONCAT(@@sql_mode, ',STRICT_ALL_TABLES'), ',NO_AUTO_VALUE_ON_ZERO'),  @@SESSION.sql_auto_is_null = 0, @@SESSION.wait_timeout = 2147483[0m
Started GET "/" for 127.0.0.1 at 2018-09-07 13:51:44 +0700
Cannot render console from 192.168.0.84! Allowed networks: 127.0.0.1, ::1, 127.0.0.0/127.255.255.255
  [1m[35m (0.4ms)[0m  [1m[35mSET NAMES utf8,  @@SESSION.sql_mode = CONCAT(CONCAT(@@sql_mode, ',STRICT_ALL_TABLES'), ',NO_AUTO_VALUE_ON_ZERO'),  @@SESSION.sql_auto_is_null = 0, @@SESSION.wait_timeout = 2147483[0m
  [1m[35m (0.4ms)[0m  [1m[34mSELECT `schema_migrations`.`version` FROM `schema_migrations` ORDER BY `schema_migrations`.`version` ASC[0m
Processing by PostsController#index as HTML
  Rendering posts/index.html.erb within layouts/application
  [1m[36mPost Load (0.4ms)[0m  [1m[34mSELECT `posts`.* FROM `posts`[0m
  Rendered posts/index.html.erb within layouts/application (25.9ms)
Completed 500 Internal Server Error in 6709ms (ActiveRecord: 1.5ms)


  
ActionView::Template::Error (couldn't find file 'turbolinks' with type 'application/javascript'
Checked in these paths: 
  /home/ubuntutest1/RoR/app/assets/config
  /home/ubuntutest1/RoR/app/assets/images
  /home/ubuntutest1/RoR/app/assets/javascripts
  /home/ubuntutest1/RoR/app/assets/stylesheets
  /home/ubuntutest1/RoR/vendor/assets/javascripts
  /home/ubuntutest1/RoR/vendor/assets/stylesheets
  /home/ubuntutest1/.rbenv/versions/2.5.0/lib/ruby/gems/2.5.0/gems/letter_opener_web-1.3.4/app/assets/javascripts
  /home/ubuntutest1/.rbenv/versions/2.5.0/lib/ruby/gems/2.5.0/gems/letter_opener_web-1.3.4/app/assets/stylesheets
  /home/ubuntutest1/.rbenv/versions/2.5.0/lib/ruby/gems/2.5.0/gems/letter_opener_web-1.3.4/vendor/assets/images
  /home/ubuntutest1/.rbenv/versions/2.5.0/lib/ruby/gems/2.5.0/gems/letter_opener_web-1.3.4/vendor/assets/javascripts
  /home/ubuntutest1/.rbenv/versions/2.5.0/lib/ruby/gems/2.5.0/gems/letter_opener_web-1.3.4/vendor/assets/stylesheets
  /home/ubuntutest1/.rbenv/versions/2.5.0/lib/ruby/gems/2.5.0/gems/momentjs-rails-2.20.1/vendor/assets/javascripts
  /home/ubuntutest1/.rbenv/versions/2.5.0/lib/ruby/gems/2.5.0/gems/jquery-ui-rails-6.0.1/app/assets/images
  /home/ubuntutest1/.rbenv/versions/2.5.0/lib/ruby/gems/2.5.0/gems/jquery-ui-rails-6.0.1/app/assets/javascripts
  /home/ubuntutest1/.rbenv/versions/2.5.0/lib/ruby/gems/2.5.0/gems/jquery-ui-rails-6.0.1/app/assets/stylesheets
  /home/ubuntutest1/.rbenv/versions/2.5.0/lib/ruby/gems/2.5.0/gems/jquery-rails-4.3.3/vendor/assets/javascripts
  /home/ubuntutest1/.rbenv/versions/2.5.0/lib/ruby/gems/2.5.0/gems/jquery-datatables-1.10.19/app/assets/images
  /home/ubuntutest1/.rbenv/versions/2.5.0/lib/ruby/gems/2.5.0/gems/jquery-datatables-1.10.19/app/assets/javascripts
  /home/ubuntutest1/.rbenv/versions/2.5.0/lib/ruby/gems/2.5.0/gems/jquery-datatables-1.10.19/app/assets/media
  /home/ubuntutest1/.rbenv/versions/2.5.0/lib/ruby/gems/2.5.0/gems/jquery-datatables-1.10.19/app/assets/stylesheets
  /home/ubuntutest1/.rbenv/versions/2.5.0/lib/ruby/gems/2.5.0/gems/fullcalendar-rails-3.4.0.0/vendor/assets/javascripts
  /home/ubuntutest1/.rbenv/versions/2.5.0/lib/ruby/gems/2.5.0/gems/fullcalendar-rails-3.4.0.0/vendor/assets/stylesheets
  /home/ubuntutest1/.rbenv/versions/2.5.0/lib/ruby/gems/2.5.0/gems/coffee-rails-4.2.2/lib/assets/javascripts
  /home/ubuntutest1/.rbenv/versions/2.5.0/lib/ruby/gems/2.5.0/gems/actioncable-5.2.0/lib/assets/compiled
  /home/ubuntutest1/.rbenv/versions/2.5.0/lib/ruby/gems/2.5.0/gems/activestorage-5.2.0/app/assets/javascripts
  /home/ubuntutest1/.rbenv/versions/2.5.0/lib/ruby/gems/2.5.0/gems/actionview-5.2.0/lib/assets/compiled
  /home/ubuntutest1/.rbenv/versions/2.5.0/lib/ruby/gems/2.5.0/gems/font-awesome-sass-5.0.13/assets/stylesheets
  /home/ubuntutest1/.rbenv/versions/2.5.0/lib/ruby/gems/2.5.0/gems/font-awesome-sass-5.0.13/assets/fonts
  /home/ubuntutest1/.rbenv/versions/2.5.0/lib/ruby/gems/2.5.0/gems/jquery-datatables-1.10.19/app/assets/stylesheets
  /home/ubuntutest1/.rbenv/versions/2.5.0/lib/ruby/gems/2.5.0/gems/jquery-datatables-1.10.19/app/assets/javascripts
  /home/ubuntutest1/.rbenv/versions/2.5.0/lib/ruby/gems/2.5.0/gems/jquery-datatables-1.10.19/app/assets/images):
    4:     <title>RailsMySQL</title>
    5:     <%= csrf_meta_tags %>
    6: 
    7:     <%= stylesheet_link_tag    'application', media: 'all', 'data-turbolinks-track': 'reload' %>
    8:     <%= javascript_include_tag 'application', 'data-turbolinks-track': 'reload' %>
    9:   </head>
   10: 
  
app/assets/javascripts/application.js:15
app/views/layouts/application.html.erb:7:in `_app_views_layouts_application_html_erb___1385227894532186749_47206681248900'
  [1m[35m (0.4ms)[0m  [1m[35mSET NAMES utf8,  @@SESSION.sql_mode = CONCAT(CONCAT(@@sql_mode, ',STRICT_ALL_TABLES'), ',NO_AUTO_VALUE_ON_ZERO'),  @@SESSION.sql_auto_is_null = 0, @@SESSION.wait_timeout = 2147483[0m
Started GET "/" for 127.0.0.1 at 2018-09-07 13:53:32 +0700
Cannot render console from 192.168.0.84! Allowed networks: 127.0.0.1, ::1, 127.0.0.0/127.255.255.255
  [1m[35m (0.5ms)[0m  [1m[35mSET NAMES utf8,  @@SESSION.sql_mode = CONCAT(CONCAT(@@sql_mode, ',STRICT_ALL_TABLES'), ',NO_AUTO_VALUE_ON_ZERO'),  @@SESSION.sql_auto_is_null = 0, @@SESSION.wait_timeout = 2147483[0m
  [1m[35m (0.4ms)[0m  [1m[34mSELECT `schema_migrations`.`version` FROM `schema_migrations` ORDER BY `schema_migrations`.`version` ASC[0m
Processing by PostsController#index as HTML
  Rendering posts/index.html.erb within layouts/application
  [1m[36mPost Load (0.4ms)[0m  [1m[34mSELECT `posts`.* FROM `posts`[0m
  Rendered posts/index.html.erb within layouts/application (21.3ms)
Completed 200 OK in 6502ms (Views: 6490.8ms | ActiveRecord: 2.2ms)


Started GET "/" for 127.0.0.1 at 2018-09-07 13:55:48 +0700
Processing by PostsController#index as HTML
  Rendering posts/index.html.erb within layouts/application
  [1m[36mPost Load (0.4ms)[0m  [1m[34mSELECT `posts`.* FROM `posts`[0m
  Rendered posts/index.html.erb within layouts/application (2.7ms)
Completed 200 OK in 55ms (Views: 37.0ms | ActiveRecord: 0.4ms)


